** ComfyUI start up time: 2023-12-06 15:16:29.800532

Prestartup times for custom nodes:
   0.0 seconds: /Users/porterweisberg/Developer/PixelGen/ComfyUICustom/custom_nodes/ComfyUI-Manager

Total VRAM 32768 MB, total RAM 32768 MB
Set vram state to: SHARED
Device: mps
VAE dtype: torch.float32
Using sub quadratic optimization for cross attention, if you have memory or speed issues try using: --use-split-cross-attention
### Loading: ComfyUI-Manager (V1.6.3)
### ComfyUI Revision: 1788 [2db86b46] | Released on '2023-12-06'
[34mFizzleDorf Custom Nodes: [92mLoaded[0m

Import times for custom nodes:
   0.0 seconds: /Users/porterweisberg/Developer/PixelGen/ComfyUICustom/custom_nodes/k_centroid_downscale.py
   0.0 seconds: /Users/porterweisberg/Developer/PixelGen/ComfyUICustom/custom_nodes/patterngen.py
   0.0 seconds: /Users/porterweisberg/Developer/PixelGen/ComfyUICustom/custom_nodes/mask_ops.py
   0.0 seconds: /Users/porterweisberg/Developer/PixelGen/ComfyUICustom/custom_nodes/palettize.py
   0.0 seconds: /Users/porterweisberg/Developer/PixelGen/ComfyUICustom/custom_nodes/make_model_tileable.py
   0.0 seconds: /Users/porterweisberg/Developer/PixelGen/ComfyUICustom/custom_nodes/ComfyUI-VideoHelperSuite
   0.0 seconds: /Users/porterweisberg/Developer/PixelGen/ComfyUICustom/custom_nodes/ComfyUI-Frame-Interpolation
   0.0 seconds: /Users/porterweisberg/Developer/PixelGen/ComfyUICustom/custom_nodes/ComfyUI-AnimateDiff-Evolved
   0.1 seconds: /Users/porterweisberg/Developer/PixelGen/ComfyUICustom/custom_nodes/ComfyUI-Manager
   0.1 seconds: /Users/porterweisberg/Developer/PixelGen/ComfyUICustom/custom_nodes/ComfyUI_FizzNodes
   0.3 seconds: /Users/porterweisberg/Developer/PixelGen/ComfyUICustom/custom_nodes/remove_background.py

Starting server

To see the GUI go to: http://127.0.0.1:8188
prompt async
model_type EPS
adm 0
Using split attention in VAE
Working with z of shape (1, 4, 32, 32) = 4096 dimensions.
Using split attention in VAE
missing {'cond_stage_model.clip_l.logit_scale', 'cond_stage_model.clip_l.text_projection'}
left over keys: dict_keys(['model_ema.decay', 'model_ema.num_updates', 'cond_stage_model.clip_l.transformer.text_model.embeddings.position_ids'])
Requested to load SD1ClipModel
Loading 1 new model
Requested to load BaseModel
Loading 1 new model
100%|███████████████████████████████████████████| 20/20 [00:02<00:00,  9.42it/s]
Requested to load AutoencoderKL
Loading 1 new model
Prompt executed in 6.38 seconds
