** ComfyUI start up time: 2023-12-06 17:20:05.933633

Prestartup times for custom nodes:
   0.0 seconds: /Users/porterweisberg/Developer/PixelGen/ComfyUICustom/custom_nodes/ComfyUI-Manager

Total VRAM 32768 MB, total RAM 32768 MB
Set vram state to: SHARED
Device: mps
VAE dtype: torch.float32
Using sub quadratic optimization for cross attention, if you have memory or speed issues try using: --use-split-cross-attention
### Loading: ComfyUI-Manager (V1.6.3)
### ComfyUI Revision: 1789 [8e1e8a48] | Released on '2023-12-06'
[34mFizzleDorf Custom Nodes: [92mLoaded[0m

Import times for custom nodes:
   0.0 seconds: /Users/porterweisberg/Developer/PixelGen/ComfyUICustom/custom_nodes/k_centroid_downscale.py
   0.0 seconds: /Users/porterweisberg/Developer/PixelGen/ComfyUICustom/custom_nodes/patterngen.py
   0.0 seconds: /Users/porterweisberg/Developer/PixelGen/ComfyUICustom/custom_nodes/mask_ops.py
   0.0 seconds: /Users/porterweisberg/Developer/PixelGen/ComfyUICustom/custom_nodes/palettize.py
   0.0 seconds: /Users/porterweisberg/Developer/PixelGen/ComfyUICustom/custom_nodes/make_model_tileable.py
   0.0 seconds: /Users/porterweisberg/Developer/PixelGen/ComfyUICustom/custom_nodes/async_return_img.py
   0.0 seconds: /Users/porterweisberg/Developer/PixelGen/ComfyUICustom/custom_nodes/ComfyUI-VideoHelperSuite
   0.0 seconds: /Users/porterweisberg/Developer/PixelGen/ComfyUICustom/custom_nodes/ComfyUI-Frame-Interpolation
   0.0 seconds: /Users/porterweisberg/Developer/PixelGen/ComfyUICustom/custom_nodes/ComfyUI-AnimateDiff-Evolved
   0.1 seconds: /Users/porterweisberg/Developer/PixelGen/ComfyUICustom/custom_nodes/ComfyUI-Manager
   0.1 seconds: /Users/porterweisberg/Developer/PixelGen/ComfyUICustom/custom_nodes/ComfyUI_FizzNodes
   0.3 seconds: /Users/porterweisberg/Developer/PixelGen/ComfyUICustom/custom_nodes/remove_background.py

Starting server

To see the GUI go to: http://127.0.0.1:8188
prompt async
ERROR:root:Failed to validate prompt for output 26:
ERROR:root:* (prompt):
ERROR:root:  - Required input is missing: images
ERROR:root:* SaveImage 26:
ERROR:root:  - Required input is missing: images
ERROR:root:Output will be ignored
ERROR:root:Failed to validate prompt for output 19:
ERROR:root:* (prompt):
ERROR:root:  - Required input is missing: images
ERROR:root:* PreviewImage 19:
ERROR:root:  - Required input is missing: images
ERROR:root:Output will be ignored
model_type EPS
adm 0
Using split attention in VAE
Working with z of shape (1, 4, 32, 32) = 4096 dimensions.
Using split attention in VAE
missing {'cond_stage_model.clip_l.logit_scale', 'cond_stage_model.clip_l.text_projection'}
left over keys: dict_keys(['model_ema.decay', 'model_ema.num_updates', 'cond_stage_model.clip_l.transformer.text_model.embeddings.position_ids'])
Requested to load SD1ClipModel
Loading 1 new model
Requested to load BaseModel
Loading 1 new model
100%|███████████████████████████████████████████| 20/20 [00:02<00:00, 12.19it/s]100%|███████████████████████████████████████████| 20/20 [00:02<00:00,  9.40it/s]
Requested to load AutoencoderKL
Loading 1 new model
Auto number of colors: 60
Prompt executed in 4.75 seconds
prompt async
ERROR:root:Failed to validate prompt for output 26:
ERROR:root:* (prompt):
ERROR:root:  - Required input is missing: images
ERROR:root:* SaveImage 26:
ERROR:root:  - Required input is missing: images
ERROR:root:Output will be ignored
ERROR:root:Failed to validate prompt for output 19:
ERROR:root:* (prompt):
ERROR:root:  - Required input is missing: images
ERROR:root:* PreviewImage 19:
ERROR:root:  - Required input is missing: images
ERROR:root:Output will be ignored
100%|███████████████████████████████████████████| 20/20 [00:01<00:00, 11.75it/s]
Auto number of colors: 29
Prompt executed in 2.08 seconds
prompt async
ERROR:root:Failed to validate prompt for output 26:
ERROR:root:* (prompt):
ERROR:root:  - Required input is missing: images
ERROR:root:* SaveImage 26:
ERROR:root:  - Required input is missing: images
ERROR:root:Output will be ignored
ERROR:root:Failed to validate prompt for output 19:
ERROR:root:* (prompt):
ERROR:root:  - Required input is missing: images
ERROR:root:* PreviewImage 19:
ERROR:root:  - Required input is missing: images
ERROR:root:Output will be ignored
100%|███████████████████████████████████████████| 20/20 [00:01<00:00, 11.70it/s]
Auto number of colors: 50
Prompt executed in 2.09 seconds
got prompt
100%|███████████████████████████████████████████| 20/20 [00:01<00:00, 11.71it/s]
Prompt executed in 2.70 seconds
ERROR:aiohttp.server:Error handling request
Traceback (most recent call last):
  File "/Users/porterweisberg/Developer/PixelGen/ComfyUICustom/venv/lib/python3.11/site-packages/aiohttp/web_protocol.py", line 350, in data_received
    messages, upgraded, tail = self._request_parser.feed_data(data)
                               ^^^^^^^^^^^^^^^^^^^^^^^^^^^^^^^^^^^^
  File "aiohttp/_http_parser.pyx", line 557, in aiohttp._http_parser.HttpParser.feed_data
  File "aiohttp/_http_parser.pyx", line 681, in aiohttp._http_parser.cb_on_url
aiohttp.http_exceptions.LineTooLong: 400, message:
  Got more than 8190 bytes (78587) when reading Status line is too long.
prompt async
ERROR:root:Failed to validate prompt for output 26:
ERROR:root:* (prompt):
ERROR:root:  - Required input is missing: images
ERROR:root:* SaveImage 26:
ERROR:root:  - Required input is missing: images
ERROR:root:Output will be ignored
ERROR:root:Failed to validate prompt for output 19:
ERROR:root:* (prompt):
ERROR:root:  - Required input is missing: images
ERROR:root:* PreviewImage 19:
ERROR:root:  - Required input is missing: images
ERROR:root:Output will be ignored
100%|███████████████████████████████████████████| 20/20 [00:01<00:00, 11.73it/s]
Auto number of colors: 29
Prompt executed in 2.09 seconds

Stopped server
